  main.cpp
  run.cpp
C:\Users\20572\Desktop\弹力球（工程实践）\弹力球（工程实践）\run.cpp(88,30): warning C4244: “参数”: 从“double”转换到“int”，可能丢失数据
C:\Users\20572\Desktop\弹力球（工程实践）\弹力球（工程实践）\run.cpp(90,32): warning C4244: “参数”: 从“double”转换到“int”，可能丢失数据
C:\Users\20572\Desktop\弹力球（工程实践）\弹力球（工程实践）\run.cpp(93,57): warning C4244: “参数”: 从“double”转换到“int”，可能丢失数据
C:\Users\20572\Desktop\弹力球（工程实践）\弹力球（工程实践）\run.cpp(93,34): warning C4244: “参数”: 从“double”转换到“int”，可能丢失数据
C:\Users\20572\Desktop\弹力球（工程实践）\弹力球（工程实践）\run.cpp(95,57): warning C4244: “参数”: 从“double”转换到“int”，可能丢失数据
C:\Users\20572\Desktop\弹力球（工程实践）\弹力球（工程实践）\run.cpp(95,34): warning C4244: “参数”: 从“double”转换到“int”，可能丢失数据
C:\Users\20572\Desktop\弹力球（工程实践）\弹力球（工程实践）\run.cpp(96,57): warning C4244: “参数”: 从“double”转换到“int”，可能丢失数据
C:\Users\20572\Desktop\弹力球（工程实践）\弹力球（工程实践）\run.cpp(96,34): warning C4244: “参数”: 从“double”转换到“int”，可能丢失数据
C:\Users\20572\Desktop\弹力球（工程实践）\弹力球（工程实践）\run.cpp(97,57): warning C4244: “参数”: 从“double”转换到“int”，可能丢失数据
C:\Users\20572\Desktop\弹力球（工程实践）\弹力球（工程实践）\run.cpp(97,34): warning C4244: “参数”: 从“double”转换到“int”，可能丢失数据
C:\Users\20572\Desktop\弹力球（工程实践）\弹力球（工程实践）\run.cpp(165,14): warning C4244: “=”: 从“int”转换到“float”，可能丢失数据
C:\Users\20572\Desktop\弹力球（工程实践）\弹力球（工程实践）\run.cpp(166,19): warning C4244: “=”: 从“int”转换到“float”，可能丢失数据
C:\Users\20572\Desktop\弹力球（工程实践）\弹力球（工程实践）\run.cpp(237,17): warning C4244: “=”: 从“double”转换到“float”，可能丢失数据
C:\Users\20572\Desktop\弹力球（工程实践）\弹力球（工程实践）\run.cpp(239,13): warning C4244: “=”: 从“double”转换到“float”，可能丢失数据
C:\Users\20572\Desktop\弹力球（工程实践）\弹力球（工程实践）\run.cpp(241,17): warning C4244: “=”: 从“double”转换到“float”，可能丢失数据
C:\Users\20572\Desktop\弹力球（工程实践）\弹力球（工程实践）\run.cpp(255,15): warning C4244: “=”: 从“int”转换到“float”，可能丢失数据
C:\Users\20572\Desktop\弹力球（工程实践）\弹力球（工程实践）\run.cpp(267,15): warning C4244: “=”: 从“int”转换到“float”，可能丢失数据
C:\Users\20572\Desktop\弹力球（工程实践）\弹力球（工程实践）\run.cpp(268,20): warning C4244: “=”: 从“int”转换到“float”，可能丢失数据
C:\Users\20572\Desktop\弹力球（工程实践）\弹力球（工程实践）\run.cpp(318,25): warning C4244: “参数”: 从“float”转换到“int”，可能丢失数据
C:\Users\20572\Desktop\弹力球（工程实践）\弹力球（工程实践）\run.cpp(318,17): warning C4244: “参数”: 从“float”转换到“int”，可能丢失数据
C:\Users\20572\Desktop\弹力球（工程实践）\弹力球（工程实践）\run.cpp(344,30): warning C4244: “参数”: 从“double”转换到“int”，可能丢失数据
C:\Users\20572\Desktop\弹力球（工程实践）\弹力球（工程实践）\run.cpp(346,32): warning C4244: “参数”: 从“double”转换到“int”，可能丢失数据
C:\Users\20572\Desktop\弹力球（工程实践）\弹力球（工程实践）\run.cpp(351,51): warning C4244: “参数”: 从“double”转换到“int”，可能丢失数据
C:\Users\20572\Desktop\弹力球（工程实践）\弹力球（工程实践）\run.cpp(351,28): warning C4244: “参数”: 从“double”转换到“int”，可能丢失数据
C:\Users\20572\Desktop\弹力球（工程实践）\弹力球（工程实践）\run.cpp(353,51): warning C4244: “参数”: 从“double”转换到“int”，可能丢失数据
C:\Users\20572\Desktop\弹力球（工程实践）\弹力球（工程实践）\run.cpp(353,28): warning C4244: “参数”: 从“double”转换到“int”，可能丢失数据
C:\Users\20572\Desktop\弹力球（工程实践）\弹力球（工程实践）\run.cpp(357,58): warning C4244: “参数”: 从“double”转换到“int”，可能丢失数据
C:\Users\20572\Desktop\弹力球（工程实践）\弹力球（工程实践）\run.cpp(357,18): warning C4244: “参数”: 从“double”转换到“int”，可能丢失数据
C:\Users\20572\Desktop\弹力球（工程实践）\弹力球（工程实践）\run.cpp(358,58): warning C4244: “参数”: 从“double”转换到“int”，可能丢失数据
C:\Users\20572\Desktop\弹力球（工程实践）\弹力球（工程实践）\run.cpp(358,18): warning C4244: “参数”: 从“double”转换到“int”，可能丢失数据
C:\Users\20572\Desktop\弹力球（工程实践）\弹力球（工程实践）\run.cpp(360,59): warning C4244: “参数”: 从“double”转换到“int”，可能丢失数据
C:\Users\20572\Desktop\弹力球（工程实践）\弹力球（工程实践）\run.cpp(360,18): warning C4244: “参数”: 从“double”转换到“int”，可能丢失数据
C:\Users\20572\Desktop\弹力球（工程实践）\弹力球（工程实践）\run.cpp(362,59): warning C4244: “参数”: 从“double”转换到“int”，可能丢失数据
C:\Users\20572\Desktop\弹力球（工程实践）\弹力球（工程实践）\run.cpp(362,18): warning C4244: “参数”: 从“double”转换到“int”，可能丢失数据
C:\Users\20572\Desktop\弹力球（工程实践）\弹力球（工程实践）\run.cpp(373,57): warning C4244: “参数”: 从“double”转换到“int”，可能丢失数据
C:\Users\20572\Desktop\弹力球（工程实践）\弹力球（工程实践）\run.cpp(373,34): warning C4244: “参数”: 从“double”转换到“int”，可能丢失数据
C:\Users\20572\Desktop\弹力球（工程实践）\弹力球（工程实践）\run.cpp(375,57): warning C4244: “参数”: 从“double”转换到“int”，可能丢失数据
C:\Users\20572\Desktop\弹力球（工程实践）\弹力球（工程实践）\run.cpp(375,34): warning C4244: “参数”: 从“double”转换到“int”，可能丢失数据
C:\Users\20572\Desktop\弹力球（工程实践）\弹力球（工程实践）\run.cpp(376,57): warning C4244: “参数”: 从“double”转换到“int”，可能丢失数据
C:\Users\20572\Desktop\弹力球（工程实践）\弹力球（工程实践）\run.cpp(376,34): warning C4244: “参数”: 从“double”转换到“int”，可能丢失数据
C:\Users\20572\Desktop\弹力球（工程实践）\弹力球（工程实践）\run.cpp(402,56): warning C4244: “参数”: 从“double”转换到“int”，可能丢失数据
C:\Users\20572\Desktop\弹力球（工程实践）\弹力球（工程实践）\run.cpp(402,33): warning C4244: “参数”: 从“double”转换到“int”，可能丢失数据
C:\Users\20572\Desktop\弹力球（工程实践）\弹力球（工程实践）\run.cpp(404,57): warning C4244: “参数”: 从“double”转换到“int”，可能丢失数据
C:\Users\20572\Desktop\弹力球（工程实践）\弹力球（工程实践）\run.cpp(404,34): warning C4244: “参数”: 从“double”转换到“int”，可能丢失数据
C:\Users\20572\Desktop\弹力球（工程实践）\弹力球（工程实践）\run.cpp(405,57): warning C4244: “参数”: 从“double”转换到“int”，可能丢失数据
C:\Users\20572\Desktop\弹力球（工程实践）\弹力球（工程实践）\run.cpp(405,34): warning C4244: “参数”: 从“double”转换到“int”，可能丢失数据
C:\Users\20572\Desktop\弹力球（工程实践）\弹力球（工程实践）\run.cpp(432,57): warning C4244: “参数”: 从“double”转换到“int”，可能丢失数据
C:\Users\20572\Desktop\弹力球（工程实践）\弹力球（工程实践）\run.cpp(432,34): warning C4244: “参数”: 从“double”转换到“int”，可能丢失数据
C:\Users\20572\Desktop\弹力球（工程实践）\弹力球（工程实践）\run.cpp(434,57): warning C4244: “参数”: 从“double”转换到“int”，可能丢失数据
C:\Users\20572\Desktop\弹力球（工程实践）\弹力球（工程实践）\run.cpp(434,34): warning C4244: “参数”: 从“double”转换到“int”，可能丢失数据
C:\Users\20572\Desktop\弹力球（工程实践）\弹力球（工程实践）\run.cpp(435,57): warning C4244: “参数”: 从“double”转换到“int”，可能丢失数据
C:\Users\20572\Desktop\弹力球（工程实践）\弹力球（工程实践）\run.cpp(435,34): warning C4244: “参数”: 从“double”转换到“int”，可能丢失数据
C:\Users\20572\Desktop\弹力球（工程实践）\弹力球（工程实践）\run.cpp(500,30): warning C4244: “参数”: 从“double”转换到“int”，可能丢失数据
C:\Users\20572\Desktop\弹力球（工程实践）\弹力球（工程实践）\run.cpp(502,32): warning C4244: “参数”: 从“double”转换到“int”，可能丢失数据
C:\Users\20572\Desktop\弹力球（工程实践）\弹力球（工程实践）\run.cpp(507,57): warning C4244: “参数”: 从“double”转换到“int”，可能丢失数据
C:\Users\20572\Desktop\弹力球（工程实践）\弹力球（工程实践）\run.cpp(507,34): warning C4244: “参数”: 从“double”转换到“int”，可能丢失数据
C:\Users\20572\Desktop\弹力球（工程实践）\弹力球（工程实践）\run.cpp(508,57): warning C4244: “参数”: 从“double”转换到“int”，可能丢失数据
C:\Users\20572\Desktop\弹力球（工程实践）\弹力球（工程实践）\run.cpp(508,34): warning C4244: “参数”: 从“double”转换到“int”，可能丢失数据
C:\Users\20572\Desktop\弹力球（工程实践）\弹力球（工程实践）\run.cpp(512,57): warning C4244: “参数”: 从“double”转换到“int”，可能丢失数据
C:\Users\20572\Desktop\弹力球（工程实践）\弹力球（工程实践）\run.cpp(512,34): warning C4244: “参数”: 从“double”转换到“int”，可能丢失数据
C:\Users\20572\Desktop\弹力球（工程实践）\弹力球（工程实践）\run.cpp(513,57): warning C4244: “参数”: 从“double”转换到“int”，可能丢失数据
C:\Users\20572\Desktop\弹力球（工程实践）\弹力球（工程实践）\run.cpp(513,34): warning C4244: “参数”: 从“double”转换到“int”，可能丢失数据
C:\Users\20572\Desktop\弹力球（工程实践）\弹力球（工程实践）\run.cpp(515,56): warning C4244: “参数”: 从“double”转换到“int”，可能丢失数据
C:\Users\20572\Desktop\弹力球（工程实践）\弹力球（工程实践）\run.cpp(515,33): warning C4244: “参数”: 从“double”转换到“int”，可能丢失数据
C:\Users\20572\Desktop\弹力球（工程实践）\弹力球（工程实践）\run.cpp(517,57): warning C4244: “参数”: 从“double”转换到“int”，可能丢失数据
C:\Users\20572\Desktop\弹力球（工程实践）\弹力球（工程实践）\run.cpp(517,34): warning C4244: “参数”: 从“double”转换到“int”，可能丢失数据
C:\Users\20572\Desktop\弹力球（工程实践）\弹力球（工程实践）\run.cpp(520,30): warning C4244: “参数”: 从“double”转换到“int”，可能丢失数据
C:\Users\20572\Desktop\弹力球（工程实践）\弹力球（工程实践）\run.cpp(522,32): warning C4244: “参数”: 从“double”转换到“int”，可能丢失数据
C:\Users\20572\Desktop\弹力球（工程实践）\弹力球（工程实践）\run.cpp(581,56): warning C4244: “参数”: 从“double”转换到“int”，可能丢失数据
C:\Users\20572\Desktop\弹力球（工程实践）\弹力球（工程实践）\run.cpp(581,33): warning C4244: “参数”: 从“double”转换到“int”，可能丢失数据
C:\Users\20572\Desktop\弹力球（工程实践）\弹力球（工程实践）\run.cpp(597,59): warning C4244: “参数”: 从“double”转换到“int”，可能丢失数据
C:\Users\20572\Desktop\弹力球（工程实践）\弹力球（工程实践）\run.cpp(597,36): warning C4244: “参数”: 从“double”转换到“int”，可能丢失数据
C:\Users\20572\Desktop\弹力球（工程实践）\弹力球（工程实践）\run.cpp(612,57): warning C4244: “参数”: 从“double”转换到“int”，可能丢失数据
C:\Users\20572\Desktop\弹力球（工程实践）\弹力球（工程实践）\run.cpp(612,34): warning C4244: “参数”: 从“double”转换到“int”，可能丢失数据
C:\Users\20572\Desktop\弹力球（工程实践）\弹力球（工程实践）\run.cpp(627,57): warning C4244: “参数”: 从“double”转换到“int”，可能丢失数据
C:\Users\20572\Desktop\弹力球（工程实践）\弹力球（工程实践）\run.cpp(627,34): warning C4244: “参数”: 从“double”转换到“int”，可能丢失数据
C:\Users\20572\Desktop\弹力球（工程实践）\弹力球（工程实践）\run.cpp(642,56): warning C4244: “参数”: 从“double”转换到“int”，可能丢失数据
C:\Users\20572\Desktop\弹力球（工程实践）\弹力球（工程实践）\run.cpp(642,33): warning C4244: “参数”: 从“double”转换到“int”，可能丢失数据
C:\Users\20572\Desktop\弹力球（工程实践）\弹力球（工程实践）\run.cpp(653,57): warning C4244: “参数”: 从“double”转换到“int”，可能丢失数据
C:\Users\20572\Desktop\弹力球（工程实践）\弹力球（工程实践）\run.cpp(653,34): warning C4244: “参数”: 从“double”转换到“int”，可能丢失数据
C:\Users\20572\Desktop\弹力球（工程实践）\弹力球（工程实践）\run.cpp(676,59): warning C4244: “参数”: 从“double”转换到“int”，可能丢失数据
C:\Users\20572\Desktop\弹力球（工程实践）\弹力球（工程实践）\run.cpp(676,36): warning C4244: “参数”: 从“double”转换到“int”，可能丢失数据
C:\Users\20572\Desktop\弹力球（工程实践）\弹力球（工程实践）\run.cpp(688,57): warning C4244: “参数”: 从“double”转换到“int”，可能丢失数据
C:\Users\20572\Desktop\弹力球（工程实践）\弹力球（工程实践）\run.cpp(688,34): warning C4244: “参数”: 从“double”转换到“int”，可能丢失数据
C:\Users\20572\Desktop\弹力球（工程实践）\弹力球（工程实践）\run.cpp(704,57): warning C4244: “参数”: 从“double”转换到“int”，可能丢失数据
C:\Users\20572\Desktop\弹力球（工程实践）\弹力球（工程实践）\run.cpp(704,34): warning C4244: “参数”: 从“double”转换到“int”，可能丢失数据
C:\Users\20572\Desktop\弹力球（工程实践）\弹力球（工程实践）\run.cpp(706,34): warning C4244: “参数”: 从“double”转换到“int”，可能丢失数据
C:\Users\20572\Desktop\弹力球（工程实践）\弹力球（工程实践）\run.cpp(709,64): warning C4244: “参数”: 从“double”转换到“int”，可能丢失数据
C:\Users\20572\Desktop\弹力球（工程实践）\弹力球（工程实践）\run.cpp(710,66): warning C4244: “参数”: 从“double”转换到“int”，可能丢失数据
C:\Users\20572\Desktop\弹力球（工程实践）\弹力球（工程实践）\run.cpp(711,66): warning C4244: “参数”: 从“double”转换到“int”，可能丢失数据
C:\Users\20572\Desktop\弹力球（工程实践）\弹力球（工程实践）\run.cpp(721,60): warning C4244: “参数”: 从“double”转换到“int”，可能丢失数据
C:\Users\20572\Desktop\弹力球（工程实践）\弹力球（工程实践）\run.cpp(722,62): warning C4244: “参数”: 从“double”转换到“int”，可能丢失数据
C:\Users\20572\Desktop\弹力球（工程实践）\弹力球（工程实践）\run.cpp(724,62): warning C4244: “参数”: 从“double”转换到“int”，可能丢失数据
C:\Users\20572\Desktop\弹力球（工程实践）\弹力球（工程实践）\run.cpp(753,18): warning C4244: “=”: 从“double”转换到“float”，可能丢失数据
C:\Users\20572\Desktop\弹力球（工程实践）\弹力球（工程实践）\run.cpp(754,19): warning C4244: “=”: 从“double”转换到“float”，可能丢失数据
C:\Users\20572\Desktop\弹力球（工程实践）\弹力球（工程实践）\run.cpp(781,23): warning C4018: “<”: 有符号/无符号不匹配
C:\Users\20572\Desktop\弹力球（工程实践）\弹力球（工程实践）\run.cpp(778,7): warning C4101: “ch”: 未引用的局部变量
  正在生成代码
  2 of 39 functions ( 5.1%) were compiled, the rest were copied from previous compilation.
    0 functions were new in current compilation
    0 functions had inline decision re-evaluated but remain unchanged
  已完成代码的生成
  弹力球（工程实践）.vcxproj -> C:\Users\20572\Desktop\弹力球（工程实践）\Release\弹力球（工程实践）.exe
